[23:22:15] A -> test-gateway.instagram.com
[23:22:15] A -> test-gateway.instagram.com
[23:22:41] TYPE65 -> arena.ai
[23:22:41] TYPE65 -> arena.ai
[23:22:41] A -> arena.ai
[23:22:41] A -> arena.ai
[23:22:57] A -> yastatic.net
[23:22:57] A -> yastatic.net
[23:22:57] TYPE65 -> api.browser.yandex.net
[23:22:57] TYPE65 -> api.browser.yandex.net
[23:22:57] A -> api.browser.yandex.net
[23:22:57] A -> api.browser.yandex.net
[23:22:57] TYPE65 -> yandex.ru
[23:22:57] A -> yandex.ru
[23:22:57] TYPE65 -> yandex.ru
[23:22:57] A -> yandex.ru
[23:22:57] TYPE65 -> dzen.ru
[23:22:57] TYPE65 -> dzen.ru
[23:22:57] A -> dzen.ru
[23:22:57] A -> dzen.ru
[23:22:57] TYPE65 -> suggest.dzen.ru
[23:22:57] TYPE65 -> suggest.dzen.ru
[23:22:57] A -> suggest.dzen.ru
[23:22:57] A -> suggest.dzen.ru
[23:22:57] TYPE65 -> suggest.sso.dzen.ru
[23:22:57] TYPE65 -> suggest.sso.dzen.ru
[23:22:57] A -> suggest.sso.dzen.ru
[23:22:57] A -> suggest.sso.dzen.ru
[23:22:57] TYPE65 -> alice.yandex.ru
[23:22:57] TYPE65 -> alice.yandex.ru
[23:22:57] A -> alice.yandex.ru
[23:22:57] A -> alice.yandex.ru
[23:22:58] TYPE65 -> uid.yandex.ru
[23:22:58] TYPE65 -> uid.yandex.ru
[23:22:58] A -> uid.yandex.ru
[23:22:58] A -> uid.yandex.ru
[23:22:58] TYPE65 -> api.browser.yandex.ru
[23:22:58] TYPE65 -> api.browser.yandex.ru
[23:22:58] A -> api.browser.yandex.ru
[23:22:58] A -> api.browser.yandex.ru
[23:22:58] TYPE65 -> startup.mobile.yandex.net
[23:22:58] TYPE65 -> startup.mobile.yandex.net
[23:22:58] A -> startup.mobile.yandex.net
[23:22:58] A -> startup.mobile.yandex.net
[23:22:58] TYPE65 -> api.passport.yandex.ru
[23:22:58] TYPE65 -> api.passport.yandex.ru
[23:22:58] A -> api.passport.yandex.ru
[23:22:58] A -> api.passport.yandex.ru
[23:22:59] TYPE65 -> fast.com
[23:22:59] TYPE65 -> fast.com
[23:22:59] A -> fast.com
[23:22:59] A -> fast.com
[23:22:59] TYPE65 -> ichnaea-web.netflix.com
[23:22:59] TYPE65 -> ichnaea-web.netflix.com
[23:22:59] A -> ichnaea-web.netflix.com
[23:22:59] A -> ichnaea-web.netflix.com
[23:22:59] TYPE65 -> browser.translate.yandex.net
[23:22:59] TYPE65 -> browser.translate.yandex.net
[23:22:59] A -> browser.translate.yandex.net
[23:22:59] A -> browser.translate.yandex.net
[23:22:59] TYPE65 -> api.fast.com
[23:22:59] TYPE65 -> api.fast.com
[23:22:59] A -> api.fast.com
[23:22:59] A -> api.fast.com
[23:22:59] TYPE65 -> api.browser.yandex.ru
[23:22:59] TYPE65 -> api.browser.yandex.ru
[23:22:59] A -> api.browser.yandex.ru
[23:22:59] A -> api.browser.yandex.ru
[23:22:59] TYPE65 -> sync.browser.yandex.net
[23:22:59] TYPE65 -> sync.browser.yandex.net
[23:22:59] A -> sync.browser.yandex.net
[23:22:59] A -> sync.browser.yandex.net
[23:23:00] TYPE65 -> ichnaea-web.netflix.com
[23:23:00] TYPE65 -> ichnaea-web.netflix.com
[23:23:00] A -> ichnaea-web.netflix.com
[23:23:00] A -> ichnaea-web.netflix.com
[23:23:01] TYPE65 -> ipv4-c002-tas001-uzbektel-isp.1.oca.nflxvideo.net
[23:23:01] TYPE65 -> ipv4-c002-tas001-uzbektel-isp.1.oca.nflxvideo.net
[23:23:01] A -> ipv4-c002-tas001-uzbektel-isp.1.oca.nflxvideo.net
[23:23:01] A -> ipv4-c002-tas001-uzbektel-isp.1.oca.nflxvideo.net
[23:23:01] TYPE65 -> ipv4-c002-rix001-retn-isp.1.oca.nflxvideo.net
[23:23:01] TYPE65 -> ipv4-c002-rix001-retn-isp.1.oca.nflxvideo.net
[23:23:01] A -> ipv4-c002-rix001-retn-isp.1.oca.nflxvideo.net
[23:23:01] A -> ipv4-c002-rix001-retn-isp.1.oca.nflxvideo.net
[23:23:02] TYPE65 -> ipv4-c003-waw001-retn-isp.1.oca.nflxvideo.net
[23:23:02] TYPE65 -> ipv4-c003-waw001-retn-isp.1.oca.nflxvideo.net
[23:23:02] A -> ipv4-c003-waw001-retn-isp.1.oca.nflxvideo.net
[23:23:02] A -> ipv4-c003-waw001-retn-isp.1.oca.nflxvideo.net
