[18:50:04] A -> glb-db52c2cf8be544.github.com
[18:50:04] AAAA -> glb-db52c2cf8be544.github.com
[18:50:15] A -> firebaselogging.googleapis.com
[18:50:15] A -> github.com
[18:50:15] A -> github.com
[18:50:16] TYPE65 -> api.browser.yandex.net
[18:50:16] TYPE65 -> api.browser.yandex.net
[18:50:16] A -> api.browser.yandex.net
[18:50:16] A -> api.browser.yandex.net
[18:50:16] TYPE65 -> github.com
[18:50:16] TYPE65 -> github.com
[18:50:16] A -> github.com
[18:50:16] A -> github.com
[18:50:16] TYPE65 -> yandex.ru
[18:50:16] TYPE65 -> yandex.ru
[18:50:16] A -> yandex.ru
[18:50:16] A -> yandex.ru
[18:50:16] TYPE65 -> uid.yandex.ru
[18:50:16] TYPE65 -> uid.yandex.ru
[18:50:16] A -> uid.yandex.ru
[18:50:16] A -> uid.yandex.ru
[18:50:16] TYPE65 -> api.browser.yandex.ru
[18:50:16] TYPE65 -> api.browser.yandex.ru
[18:50:16] A -> api.browser.yandex.ru
[18:50:16] A -> api.browser.yandex.ru
[18:50:17] TYPE65 -> storage.mds.yandex.net
[18:50:17] TYPE65 -> storage.mds.yandex.net
[18:50:17] A -> storage.mds.yandex.net
[18:50:17] A -> storage.mds.yandex.net
[18:50:17] TYPE65 -> favicon.yandex.net
[18:50:17] TYPE65 -> favicon.yandex.net
[18:50:17] A -> favicon.yandex.net
[18:50:17] A -> favicon.yandex.net
[18:50:17] TYPE65 -> github.githubassets.com
[18:50:17] TYPE65 -> github.githubassets.com
[18:50:17] A -> github.githubassets.com
[18:50:17] A -> github.githubassets.com
[18:50:17] TYPE65 -> avatars.githubusercontent.com
[18:50:17] TYPE65 -> avatars.githubusercontent.com
[18:50:17] A -> avatars.githubusercontent.com
[18:50:17] A -> avatars.githubusercontent.com
[18:50:17] TYPE65 -> user-images.githubusercontent.com
[18:50:17] TYPE65 -> user-images.githubusercontent.com
[18:50:17] A -> user-images.githubusercontent.com
[18:50:17] A -> user-images.githubusercontent.com
[18:50:17] TYPE65 -> github-cloud.s3.amazonaws.com
[18:50:17] TYPE65 -> github-cloud.s3.amazonaws.com
[18:50:17] A -> github-cloud.s3.amazonaws.com
[18:50:17] A -> github-cloud.s3.amazonaws.com
[18:50:19] TYPE65 -> collector.github.com
[18:50:19] TYPE65 -> collector.github.com
[18:50:19] A -> collector.github.com
[18:50:19] A -> collector.github.com
[18:50:19] TYPE65 -> api.browser.yandex.ru
[18:50:19] TYPE65 -> api.browser.yandex.ru
[18:50:19] A -> api.browser.yandex.ru
[18:50:19] A -> api.browser.yandex.ru
[18:50:19] TYPE65 -> api.github.com
[18:50:19] TYPE65 -> api.github.com
[18:50:19] A -> api.github.com
[18:50:19] A -> api.github.com
[18:50:20] TYPE65 -> startup.mobile.yandex.net
[18:50:20] TYPE65 -> startup.mobile.yandex.net
[18:50:20] A -> startup.mobile.yandex.net
[18:50:20] A -> startup.mobile.yandex.net
[18:50:20] TYPE65 -> api.passport.yandex.ru
[18:50:20] TYPE65 -> api.passport.yandex.ru
[18:50:20] A -> api.passport.yandex.ru
[18:50:20] A -> api.passport.yandex.ru
[18:50:20] TYPE65 -> sync.browser.yandex.net
[18:50:20] TYPE65 -> sync.browser.yandex.net
[18:50:20] A -> sync.browser.yandex.net
[18:50:20] A -> sync.browser.yandex.net
[18:50:28] TYPE65 -> github.community
[18:50:28] TYPE65 -> github.community
[18:50:28] A -> github.community
[18:50:28] A -> github.community
[18:50:30] TYPE65 -> browser.translate.yandex.net
[18:50:30] TYPE65 -> browser.translate.yandex.net
[18:50:30] A -> browser.translate.yandex.net
[18:50:30] A -> browser.translate.yandex.net
[18:50:31] TYPE65 -> sba.yandex.net
[18:50:31] TYPE65 -> sba.yandex.net
[18:50:31] A -> sba.yandex.net
[18:50:31] A -> sba.yandex.net
[18:50:32] A -> connectivity-check.ubuntu.com
[18:50:34] TYPE65 -> api.browser.yandex.ru
[18:50:34] TYPE65 -> api.browser.yandex.ru
[18:50:34] A -> api.browser.yandex.ru
[18:50:34] A -> api.browser.yandex.ru
[18:50:37] A -> pagead2.googlesyndication.com
[18:50:37] A -> pagead2.googlesyndication.com
[18:50:37] A -> graph.instagram.com
[18:50:37] A -> graph.instagram.com
