[19:34:31] A -> rosenberg.appmetrica.yandex.net
[19:34:31] A -> rosenberg.appmetrica.yandex.net
[19:34:36] TYPE65 -> api.individual.githubcopilot.com
[19:34:36] A -> api.individual.githubcopilot.com
[19:34:36] TYPE65 -> glb-db52c2cf8be544.github.com
[19:34:37] TYPE65 -> api.browser.yandex.ru
[19:34:37] TYPE65 -> api.browser.yandex.ru
[19:34:37] A -> api.browser.yandex.ru
[19:34:37] A -> api.browser.yandex.ru
[19:34:37] TYPE65 -> sba.yandex.net
[19:34:37] TYPE65 -> sba.yandex.net
[19:34:37] A -> sba.yandex.net
[19:34:37] A -> sba.yandex.net
[19:34:39] PTR -> 1.1.168.192.in-addr.arpa
[19:34:39] PTR -> 105.1.168.192.in-addr.arpa
[19:34:39] PTR -> 107.1.168.192.in-addr.arpa
[19:34:39] PTR -> 108.1.168.192.in-addr.arpa
[19:34:39] PTR -> 104.1.168.192.in-addr.arpa
[19:34:45] A -> i.instagram.com
[19:34:45] A -> i.instagram.com
[19:34:45] A -> instagram.fbhk1-3.fna.fbcdn.net
[19:34:45] A -> instagram.fbhk1-3.fna.fbcdn.net
[19:34:45] A -> instagram.fbhk1-3.fna.fbcdn.net
[19:34:45] A -> instagram.fbhk1-2.fna.fbcdn.net
[19:34:45] A -> instagram.fbhk1-2.fna.fbcdn.net
[19:34:45] A -> instagram.fbhk1-3.fna.fbcdn.net
[19:34:45] A -> instagram.fbhk1-2.fna.fbcdn.net
[19:34:45] A -> instagram.fbhk1-2.fna.fbcdn.net
[19:34:51] PTR -> 1.1.168.192.in-addr.arpa
[19:34:51] PTR -> 105.1.168.192.in-addr.arpa
[19:34:51] PTR -> 107.1.168.192.in-addr.arpa
[19:34:51] PTR -> 108.1.168.192.in-addr.arpa
[19:35:01] A -> rus-trancare.transsion-os.com
[19:35:01] A -> rus-trancare.transsion-os.com
[19:35:03] PTR -> 1.1.168.192.in-addr.arpa
[19:35:03] PTR -> 104.1.168.192.in-addr.arpa
[19:35:03] PTR -> 107.1.168.192.in-addr.arpa
[19:35:03] PTR -> 108.1.168.192.in-addr.arpa
[19:35:03] PTR -> 105.1.168.192.in-addr.arpa
[19:35:13] A -> egress.yandex.net
[19:35:13] A -> egress.yandex.net
[19:35:15] PTR -> 1.1.168.192.in-addr.arpa
[19:35:15] PTR -> 105.1.168.192.in-addr.arpa
[19:35:15] PTR -> 108.1.168.192.in-addr.arpa
[19:35:15] PTR -> 107.1.168.192.in-addr.arpa
[19:35:22] TYPE65 -> mobile.events.data.microsoft.com
[19:35:22] A -> mobile.events.data.microsoft.com
[19:35:22] TYPE65 -> onedscolprdwus07.westus.cloudapp.azure.com
[19:35:23] TYPE65 -> cdnrepfu6rku5qba3zpu.svc.cdn.yandex.net
[19:35:23] TYPE65 -> cdnrepfu6rku5qba3zpu.svc.cdn.yandex.net
[19:35:23] A -> cdnrepfu6rku5qba3zpu.svc.cdn.yandex.net
[19:35:23] A -> cdnrepfu6rku5qba3zpu.svc.cdn.yandex.net
[19:35:23] TYPE65 -> ext-cloudcdn-uztas01uztl-01.cdn.yandex.net
[19:35:23] TYPE65 -> ext-cloudcdn-uztas01uztl-01.cdn.yandex.net
[19:35:23] A -> ext-cloudcdn-uztas01uztl-01.cdn.yandex.net
[19:35:23] A -> ext-cloudcdn-uztas01uztl-01.cdn.yandex.net
[19:35:26] PTR -> 1.1.168.192.in-addr.arpa
[19:35:26] PTR -> 105.1.168.192.in-addr.arpa
[19:35:26] PTR -> 107.1.168.192.in-addr.arpa
[19:35:26] PTR -> 108.1.168.192.in-addr.arpa
[19:35:28] TYPE65 -> api.browser.yandex.net
[19:35:28] TYPE65 -> api.browser.yandex.net
[19:35:28] A -> api.browser.yandex.net
[19:35:28] A -> api.browser.yandex.net
[19:35:38] PTR -> 1.1.168.192.in-addr.arpa
[19:35:38] PTR -> 105.1.168.192.in-addr.arpa
[19:35:38] PTR -> 107.1.168.192.in-addr.arpa
[19:35:38] PTR -> 108.1.168.192.in-addr.arpa
[19:35:40] TYPE65 -> api.individual.githubcopilot.com
[19:35:40] A -> api.individual.githubcopilot.com
