[18:41:35] A -> api.passport.yandex.ru
[18:41:35] A -> api.passport.yandex.ru
[18:41:35] TYPE65 -> sync.browser.yandex.net
[18:41:35] TYPE65 -> sync.browser.yandex.net
[18:41:35] A -> sync.browser.yandex.net
[18:41:35] A -> sync.browser.yandex.net
[18:41:36] TYPE65 -> api.browser.yandex.net
[18:41:36] TYPE65 -> api.browser.yandex.net
[18:41:36] A -> api.browser.yandex.net
[18:41:36] A -> api.browser.yandex.net
[18:41:36] TYPE65 -> api.browser.yandex.ru
[18:41:36] TYPE65 -> api.browser.yandex.ru
[18:41:36] A -> api.browser.yandex.ru
[18:41:36] A -> api.browser.yandex.ru
[18:41:36] TYPE65 -> ipv4-c002-tas001-uzbektel-isp.1.oca.nflxvideo.net
[18:41:36] TYPE65 -> ipv4-c002-tas001-uzbektel-isp.1.oca.nflxvideo.net
[18:41:36] A -> ipv4-c002-tas001-uzbektel-isp.1.oca.nflxvideo.net
[18:41:36] A -> ipv4-c002-tas001-uzbektel-isp.1.oca.nflxvideo.net
[18:41:38] TYPE65 -> ipv4-c043-hel001-ix.1.oca.nflxvideo.net
[18:41:38] TYPE65 -> ipv4-c043-hel001-ix.1.oca.nflxvideo.net
[18:41:38] A -> ipv4-c043-hel001-ix.1.oca.nflxvideo.net
[18:41:38] A -> ipv4-c043-hel001-ix.1.oca.nflxvideo.net
[18:41:41] A -> app-measurement.com
[18:41:41] A -> app-measurement.com
[18:41:48] A -> yastatic.net
[18:41:48] A -> yastatic.net
[18:41:48] TYPE65 -> api.browser.yandex.net
[18:41:48] TYPE65 -> api.browser.yandex.net
[18:41:48] A -> api.browser.yandex.net
[18:41:48] A -> api.browser.yandex.net
[18:41:48] TYPE65 -> yandex.ru
[18:41:48] TYPE65 -> yandex.ru
[18:41:48] A -> yandex.ru
[18:41:48] A -> yandex.ru
[18:41:48] TYPE65 -> dzen.ru
[18:41:48] TYPE65 -> dzen.ru
[18:41:48] A -> dzen.ru
[18:41:48] A -> dzen.ru
[18:41:48] TYPE65 -> suggest.dzen.ru
[18:41:48] TYPE65 -> suggest.dzen.ru
[18:41:48] A -> suggest.dzen.ru
[18:41:48] A -> suggest.dzen.ru
[18:41:48] TYPE65 -> suggest.sso.dzen.ru
[18:41:48] TYPE65 -> suggest.sso.dzen.ru
[18:41:48] A -> suggest.sso.dzen.ru
[18:41:48] A -> suggest.sso.dzen.ru
[18:41:48] TYPE65 -> alice.yandex.ru
[18:41:48] TYPE65 -> alice.yandex.ru
[18:41:48] A -> alice.yandex.ru
[18:41:48] A -> alice.yandex.ru
[18:41:48] TYPE65 -> api.browser.yandex.ru
[18:41:48] TYPE65 -> api.browser.yandex.ru
[18:41:48] A -> stats.rustore.ru
[18:41:48] A -> stats.rustore.ru
[18:41:48] A -> api.browser.yandex.ru
[18:41:48] A -> api.browser.yandex.ru
[18:41:48] TYPE65 -> uid.yandex.ru
[18:41:48] TYPE65 -> uid.yandex.ru
[18:41:48] A -> uid.yandex.ru
[18:41:48] A -> uid.yandex.ru
[18:41:48] TYPE65 -> startup.mobile.yandex.net
[18:41:48] TYPE65 -> startup.mobile.yandex.net
[18:41:48] A -> startup.mobile.yandex.net
[18:41:48] A -> startup.mobile.yandex.net
[18:41:48] A -> mobileproxy.passport.yandex.net
[18:41:48] A -> mobileproxy.passport.yandex.net
[18:41:48] TYPE65 -> api.passport.yandex.ru
[18:41:48] TYPE65 -> api.passport.yandex.ru
[18:41:48] A -> api.passport.yandex.ru
[18:41:48] A -> api.passport.yandex.ru
[18:41:49] A -> bp.beeline.uz
[18:41:49] A -> bp.beeline.uz
[18:41:49] AAAA -> bp.beeline.uz
[18:41:49] AAAA -> bp.beeline.uz
[18:41:52] TYPE65 -> uzmovi.tv
[18:41:52] TYPE65 -> uzmovi.tv
[18:41:52] A -> uzmovi.tv
[18:41:52] A -> uzmovi.tv
[18:41:52] TYPE65 -> a.nel.cloudflare.com
[18:41:52] TYPE65 -> a.nel.cloudflare.com
[18:41:52] A -> a.nel.cloudflare.com
[18:41:52] A -> a.nel.cloudflare.com
[18:41:52] TYPE65 -> sync.browser.yandex.net
[18:41:52] TYPE65 -> sync.browser.yandex.net
[18:41:52] A -> sync.browser.yandex.net
[18:41:52] A -> sync.browser.yandex.net
[18:41:52] A -> report.appmetrica.yandex.net
[18:41:52] A -> report.appmetrica.yandex.net
[18:41:54] A -> cloud-api.yandex.net
[18:41:54] A -> cloud-api.yandex.net
[18:42:02] TYPE65 -> fast.com
[18:42:02] TYPE65 -> fast.com
[18:42:02] A -> fast.com
[18:42:02] A -> fast.com
[18:42:02] TYPE65 -> ichnaea-web.netflix.com
[18:42:02] TYPE65 -> ichnaea-web.netflix.com
[18:42:02] A -> ichnaea-web.netflix.com
[18:42:02] A -> ichnaea-web.netflix.com
[18:42:02] TYPE65 -> api.fast.com
[18:42:02] TYPE65 -> api.fast.com
[18:42:02] A -> api.fast.com
[18:42:02] A -> api.fast.com
[18:42:02] TYPE65 -> api.browser.yandex.ru
[18:42:02] A -> api.browser.yandex.ru
[18:42:02] TYPE65 -> api.browser.yandex.ru
[18:42:02] A -> api.browser.yandex.ru
[18:42:02] TYPE65 -> browser.translate.yandex.net
[18:42:02] TYPE65 -> browser.translate.yandex.net
[18:42:02] A -> browser.translate.yandex.net
[18:42:03] TYPE65 -> ipv4-c002-tas001-uzbektel-isp.1.oca.nflxvideo.net
[18:42:03] A -> ipv4-c002-tas001-uzbektel-isp.1.oca.nflxvideo.net
[18:42:03] TYPE65 -> ipv4-c002-tas001-uzbektel-isp.1.oca.nflxvideo.net
[18:42:03] A -> ipv4-c002-tas001-uzbektel-isp.1.oca.nflxvideo.net
[18:42:03] TYPE65 -> api.browser.yandex.ru
[18:42:03] A -> api.browser.yandex.ru
[18:42:03] TYPE65 -> api.browser.yandex.ru
[18:42:03] A -> api.browser.yandex.ru
[18:42:03] TYPE65 -> ya.ru
[18:42:03] TYPE65 -> ya.ru
[18:42:03] A -> ya.ru
[18:42:03] A -> ya.ru
[18:42:03] TYPE65 -> sba.yandex.net
[18:42:03] TYPE65 -> sba.yandex.net
[18:42:03] A -> sba.yandex.net
[18:42:03] A -> sba.yandex.net
[18:42:03] TYPE65 -> ipv4-c066-hel001-ix.1.oca.nflxvideo.net
[18:42:03] TYPE65 -> ipv4-c066-hel001-ix.1.oca.nflxvideo.net
[18:42:03] A -> ipv4-c066-hel001-ix.1.oca.nflxvideo.net
[18:42:03] A -> ipv4-c066-hel001-ix.1.oca.nflxvideo.net
